<?xml version="1.0" encoding="UTF-8"?>
<testsuite xmlns:xsi="http://www.w3.org/2001/XMLSchema-instance" xsi:noNamespaceSchemaLocation="https://maven.apache.org/surefire/maven-surefire-plugin/xsd/surefire-test-report.xsd" name="TestSuiteGeral" time="587.281" tests="66" errors="1" skipped="0" failures="13">
  <properties>
[...]
</properties>
  <testcase name="testTestCaseLogin0" classname="testCaseLogin0" time="7.517"/>
  <testcase name="testVaiParaLogin" classname="testCaseLogin1" time="5.011"/>
  <testcase name="testELogin" classname="testCaseLogin2" time="5.83"/>
  <testcase name="testTestCaseLogin4" classname="testCaseLogin4" time="5.061"/>
  <testcase name="testTestCaseLogin5" classname="testCaseLogin5" time="5.659"/>
  <testcase name="testTestCaseLogin5" classname="testCaseLogin5" time="5.596"/>
  <testcase name="testTestCaseLogin5" classname="testCaseLogin5" time="5.978"/>
  <testcase name="testTestCaseLogin5" classname="testCaseLogin5" time="5.477"/>
  <testcase name="testTestCaseLogin5" classname="testCaseLogin5" time="5.967"/>
  <testcase name="testTestCaseLogin5" classname="testCaseLogin5" time="5.451">
    <failure message="junit.framework.ComparisonFailure: expected:&lt;[Não existem registos com as credenciais fornecida]s.&gt; but was:&lt;[Demasiadas Tentativas de Inicio de Sessão. Por favor tente novamente em 31 segundo]s.&gt;" type="junit.framework.AssertionFailedError"><![CDATA[junit.framework.AssertionFailedError: junit.framework.ComparisonFailure: expected:<[Não existem registos com as credenciais fornecida]s.> but was:<[Demasiadas Tentativas de Inicio de Sessão. Por favor tente novamente em 31 segundo]s.>
	at testCaseLogin5.tearDown(testCaseLogin5.java:56)
]]></failure>
    <system-err><![CDATA[Starting ChromeDriver 2.36.540470 (e522d04694c7ebea4ba8821272dbef4f9b818c91) on port 1182
Only local connections are allowed.
]]></system-err>
  </testcase>
  <testcase name="testTestCaseLogin5" classname="testCaseLogin5" time="5.493">
    <failure message="junit.framework.ComparisonFailure: expected:&lt;[Não existem registos com as credenciais fornecida]s.&gt; but was:&lt;[Demasiadas Tentativas de Inicio de Sessão. Por favor tente novamente em 26 segundo]s.&gt;" type="junit.framework.AssertionFailedError"><![CDATA[junit.framework.AssertionFailedError: junit.framework.ComparisonFailure: expected:<[Não existem registos com as credenciais fornecida]s.> but was:<[Demasiadas Tentativas de Inicio de Sessão. Por favor tente novamente em 26 segundo]s.>
	at testCaseLogin5.tearDown(testCaseLogin5.java:56)
]]></failure>
    <system-err><![CDATA[Starting ChromeDriver 2.36.540470 (e522d04694c7ebea4ba8821272dbef4f9b818c91) on port 21973
Only local connections are allowed.
]]></system-err>
  </testcase>
  <testcase name="testTestCaseLogin5" classname="testCaseLogin5" time="5.436">
    <failure message="junit.framework.ComparisonFailure: expected:&lt;[Não existem registos com as credenciais fornecida]s.&gt; but was:&lt;[Demasiadas Tentativas de Inicio de Sessão. Por favor tente novamente em 20 segundo]s.&gt;" type="junit.framework.AssertionFailedError"><![CDATA[junit.framework.AssertionFailedError: junit.framework.ComparisonFailure: expected:<[Não existem registos com as credenciais fornecida]s.> but was:<[Demasiadas Tentativas de Inicio de Sessão. Por favor tente novamente em 20 segundo]s.>
	at testCaseLogin5.tearDown(testCaseLogin5.java:56)
]]></failure>
    <system-err><![CDATA[Starting ChromeDriver 2.36.540470 (e522d04694c7ebea4ba8821272dbef4f9b818c91) on port 29133
Only local connections are allowed.
]]></system-err>
  </testcase>
  <testcase name="testTestCaseLogin5" classname="testCaseLogin5" time="5.466">
    <failure message="junit.framework.ComparisonFailure: expected:&lt;[Não existem registos com as credenciais fornecida]s.&gt; but was:&lt;[Demasiadas Tentativas de Inicio de Sessão. Por favor tente novamente em 15 segundo]s.&gt;" type="junit.framework.AssertionFailedError"><![CDATA[junit.framework.AssertionFailedError: junit.framework.ComparisonFailure: expected:<[Não existem registos com as credenciais fornecida]s.> but was:<[Demasiadas Tentativas de Inicio de Sessão. Por favor tente novamente em 15 segundo]s.>
	at testCaseLogin5.tearDown(testCaseLogin5.java:56)
]]></failure>
    <system-err><![CDATA[Starting ChromeDriver 2.36.540470 (e522d04694c7ebea4ba8821272dbef4f9b818c91) on port 37142
Only local connections are allowed.
]]></system-err>
  </testcase>
  <testcase name="testTestCaseFuncAdmin0" classname="testCaseAdmin0" time="6.163"/>
  <testcase name="testTestCaseFuncAdmin0" classname="testCaseAdmin0" time="6.412"/>
  <testcase name="testT" classname="testCaseOrtografia0" time="3.785">
    <failure message="expected:&lt;Bem Vindo à []TeenPower!&gt; but was:&lt;Bem Vindo à [ao ]TeenPower!&gt;" type="junit.framework.ComparisonFailure"><![CDATA[junit.framework.ComparisonFailure: expected:<Bem Vindo à []TeenPower!> but was:<Bem Vindo à [ao ]TeenPower!>
	at testCaseOrtografia0.testT(testCaseOrtografia0.java:39)
]]></failure>
    <system-err><![CDATA[Starting ChromeDriver 2.36.540470 (e522d04694c7ebea4ba8821272dbef4f9b818c91) on port 20555
Only local connections are allowed.
]]></system-err>
  </testcase>
  <testcase name="testE" classname="testCaseLogout0" time="6.087"/>
  <testcase name="testTestCaseLogout2" classname="testCaseLogout2" time="7.295"/>
  <testcase name="testTestCaseLogout3" classname="testCaseLogout3" time="6.564"/>
  <testcase name="testTestCaseRememerPassword1" classname="testCaseRememberPassword1" time="3.705"/>
  <testcase name="testTestCaseRememberPassword2" classname="testCaseRememberPassword2" time="5.086">
    <failure message="junit.framework.AssertionFailedError: Se estou a tentar recuperar conta e não preencho o campo email , devo receber uma mensagem a dizer que esse campo é obrigatorio.Este campo deve ser apresentado em Português" type="junit.framework.AssertionFailedError">junit.framework.AssertionFailedError: junit.framework.AssertionFailedError: Se estou a tentar recuperar conta e não preencho o campo email , devo receber uma mensagem a dizer que esse campo é obrigatorio.Este campo deve ser apresentado em Português
	at testCaseRememberPassword2.tearDown(testCaseRememberPassword2.java:53)
</failure>
    <system-err><![CDATA[Starting ChromeDriver 2.36.540470 (e522d04694c7ebea4ba8821272dbef4f9b818c91) on port 20915
Only local connections are allowed.
]]></system-err>
  </testcase>
  <testcase name="testTestCaseRememberPassword3" classname="testCaseRememberPassword3" time="5.232"/>
  <testcase name="testTestCaseRememberPassword4" classname="testCaseRememberPassword4" time="6.399"/>
  <testcase name="testTestCaseRememerPassword5" classname="testCaseRememberPassword5" time="4.969"/>
  <testcase name="testTestCaseRememerPassword6" classname="testCaseRememberPassword6" time="4.859"/>
  <testcase name="testTestCaseProfissionalSaude1" classname="TestCaseProfissionalSaude1" time="6.248"/>
  <testcase name="testTestCaseProfissionalSaude2" classname="testCaseProfissionalSaude2" time="5.452"/>
  <testcase name="testTestCaseProfissionalSaude3" classname="testCaseProfissionalSaude3" time="5.983">
    <failure message="junit.framework.AssertionFailedError: Dado que iniciei conta como prof. de sáude e estou na Área de Gestão de Adolescentes quando clico no botão &apos;Importar Adolescentes&apos; então é suposto estar na página Importação de Utilizadores" type="junit.framework.AssertionFailedError">junit.framework.AssertionFailedError: junit.framework.AssertionFailedError: Dado que iniciei conta como prof. de sáude e estou na Área de Gestão de Adolescentes quando clico no botão 'Importar Adolescentes' então é suposto estar na página Importação de Utilizadores
	at testCaseProfissionalSaude3.tearDown(testCaseProfissionalSaude3.java:65)
</failure>
    <system-err><![CDATA[Starting ChromeDriver 2.36.540470 (e522d04694c7ebea4ba8821272dbef4f9b818c91) on port 18213
Only local connections are allowed.
]]></system-err>
  </testcase>
  <testcase name="testTestCaseProfissionalSaude4" classname="testCaseProfissionalSaude4" time="6.012"/>
  <testcase name="testTestCaseProfissionalSaude5" classname="testCaseProfissionalSaude5" time="16.794"/>
  <testcase name="testTestCaseProfissionalSaude6" classname="testCaseProfissionalSaude6" time="5.582"/>
  <testcase name="testTestCaseProfissionalSaude7" classname="testCaseProfissionalSaude7" time="9.948"/>
  <testcase name="testTestCaseProfissionalSaude8" classname="testCaseProfissionalSaude8" time="6.303"/>
  <testcase name="testTestCaseProfissionalSaude9" classname="testCaseProfissionalSaude9" time="9.295"/>
  <testcase name="testTestCaseProfissionalSaude10" classname="testCaseProfissionalSaude10" time="6.569"/>
  <testcase name="testTestCaseProfissionalSaude11" classname="testCaseProfissionalSaude11" time="10.232"/>
  <testcase name="testTestCaseProfissionalSaude12" classname="testCaseProfissionalSaude12" time="11.569">
    <failure message="junit.framework.AssertionFailedError: Dado que iniciei conta com prof. de saude e estou na página da Lista de Adolescentes quando clico no botão &apos;Eliminar&apos; de um utilizador deveria aparecer a seguinte mensagem: Tem a certeza que pretende eliminar o utilizador &apos;NOME DO UTILIZADOR&apos;?" type="junit.framework.AssertionFailedError">junit.framework.AssertionFailedError: junit.framework.AssertionFailedError: Dado que iniciei conta com prof. de saude e estou na página da Lista de Adolescentes quando clico no botão 'Eliminar' de um utilizador deveria aparecer a seguinte mensagem: Tem a certeza que pretende eliminar o utilizador 'NOME DO UTILIZADOR'?
	at testCaseProfissionalSaude12.tearDown(testCaseProfissionalSaude12.java:112)
</failure>
    <system-err><![CDATA[Starting ChromeDriver 2.36.540470 (e522d04694c7ebea4ba8821272dbef4f9b818c91) on port 39882
Only local connections are allowed.
]]></system-err>
  </testcase>
  <testcase name="testTestCaseProfissionalSaude13" classname="testCaseProfissionalSaude13" time="9.173"/>
  <testcase name="testTestCaseProfissionalSaude14" classname="testCaseProfissionalSaude14" time="9.175"/>
  <testcase name="testTestCaseProfissionalSaude15" classname="testCaseProfissionalSaude15" time="6.418">
    <failure message="junit.framework.AssertionFailedError: Deveria existir um botão &apos;Voltar atrás&apos;" type="junit.framework.AssertionFailedError">junit.framework.AssertionFailedError: junit.framework.AssertionFailedError: Deveria existir um botão 'Voltar atrás'
	at testCaseProfissionalSaude15.tearDown(testCaseProfissionalSaude15.java:59)
</failure>
    <system-err><![CDATA[Starting ChromeDriver 2.36.540470 (e522d04694c7ebea4ba8821272dbef4f9b818c91) on port 37532
Only local connections are allowed.
]]></system-err>
  </testcase>
  <testcase name="testTestCaseProfissionalSaude16" classname="testCaseProfissionalSaude16" time="12.4"/>
  <testcase name="testTestCaseProfissionalSaude17" classname="testCaseProfissionalSaude17" time="15.867"/>
  <testcase name="testTestCaseProfissionalSaude18" classname="testCaseProfissionalSaude18" time="13.422"/>
  <testcase name="testTestCaseProfissionalSaude19" classname="testCaseProfissionalSaude19" time="12.014">
    <failure message="junit.framework.AssertionFailedError: Após efetuar uma edição de perfil e submete-la com sucesso deveria ser apresentada uma mensagem de sucesso" type="junit.framework.AssertionFailedError">junit.framework.AssertionFailedError: junit.framework.AssertionFailedError: Após efetuar uma edição de perfil e submete-la com sucesso deveria ser apresentada uma mensagem de sucesso
	at testCaseProfissionalSaude19.tearDown(testCaseProfissionalSaude19.java:109)
</failure>
    <system-err><![CDATA[Starting ChromeDriver 2.36.540470 (e522d04694c7ebea4ba8821272dbef4f9b818c91) on port 30286
Only local connections are allowed.
]]></system-err>
  </testcase>
  <testcase name="testTestCaseProfissionalSaude20" classname="testCaseProfissionalSaude20" time="9.078"/>
  <testcase name="testTestCaseProfissionalSaude22" classname="testCaseProfissionalSaude22" time="9.482">
    <error type="java.lang.NullPointerException">java.lang.NullPointerException
	at testCaseProfissionalSaude22.testTestCaseProfissionalSaude22(testCaseProfissionalSaude22.java:91)
</error>
    <system-err><![CDATA[Starting ChromeDriver 2.36.540470 (e522d04694c7ebea4ba8821272dbef4f9b818c91) on port 10912
Only local connections are allowed.
]]></system-err>
  </testcase>
  <testcase name="testTestCaseProfissionalSaude23" classname="testCaseProfissionalSaude23" time="8.878"/>
  <testcase name="testTestCaseProfissionalSaude24" classname="testCaseProfissionalSaude24" time="12.897"/>
  <testcase name="testTestCaseProfissionalSaude25" classname="testCaseProfissionalSaude25" time="12.66"/>
  <testcase name="testTestCaseProfissionalSaude26" classname="testCaseProfissionalSaude26" time="13.406"/>
  <testcase name="testTestCaseProfissionalSaude27" classname="testCaseProfissionalSaude27" time="12.838"/>
  <testcase name="testTestCaseProfissionalSaude28" classname="testCaseProfissionalSaude28" time="13.147"/>
  <testcase name="testTestCaseProfissionalSaude29" classname="testCaseProfissionalSaude29" time="12.967"/>
  <testcase name="testCaseAdmin1" classname="testCaseAdmin1" time="6.556"/>
  <testcase name="testTestCaseAdmin2" classname="testCaseAdmin2" time="13.678"/>
  <testcase name="testTestCaseAdmin3" classname="testCaseAdmin3" time="8.816">
    <failure message="junit.framework.AssertionFailedError: Dado que iniciei conta como Administrador quando clico no botão &apos;Criar Novo Utilizador&apos; e crio um utilizador então é suposto receber uma mensagem em como o utilizador foi criado com sucesso.)" type="junit.framework.AssertionFailedError">junit.framework.AssertionFailedError: junit.framework.AssertionFailedError: Dado que iniciei conta como Administrador quando clico no botão 'Criar Novo Utilizador' e crio um utilizador então é suposto receber uma mensagem em como o utilizador foi criado com sucesso.)
	at testCaseAdmin3.tearDown(testCaseAdmin3.java:95)
</failure>
    <system-err><![CDATA[Starting ChromeDriver 2.36.540470 (e522d04694c7ebea4ba8821272dbef4f9b818c91) on port 11767
Only local connections are allowed.
]]></system-err>
  </testcase>
  <testcase name="testCaseAdmin4" classname="testCaseAdmin4" time="13.498"/>
  <testcase name="testAdmin5" classname="testCaseAdmin5" time="10.754"/>
  <testcase name="testAdmin6" classname="testCaseAdmin6" time="10.859"/>
  <testcase name="testAdmin7" classname="testCaseAdmin7" time="11.6"/>
  <testcase name="testTestCaseAdmin8" classname="testCaseAdmin8" time="12.31"/>
  <testcase name="testAdmin11" classname="testCaseAdmin11" time="13.891"/>
  <testcase name="testAdmin12" classname="testCaseAdmin12" time="16.343">
    <failure message="junit.framework.AssertionFailedError: Dado que a categoria foi apagada então as dicussões nela presentes também deveriam ser apagadas" type="junit.framework.AssertionFailedError">junit.framework.AssertionFailedError: junit.framework.AssertionFailedError: Dado que a categoria foi apagada então as dicussões nela presentes também deveriam ser apagadas
	at testCaseAdmin12.tearDown(testCaseAdmin12.java:105)
</failure>
    <system-err><![CDATA[Starting ChromeDriver 2.36.540470 (e522d04694c7ebea4ba8821272dbef4f9b818c91) on port 25390
Only local connections are allowed.
]]></system-err>
  </testcase>
  <testcase name="testTestCaseAdmin13" classname="TestCaseAdmin13" time="13.146"/>
  <testcase name="testTestCaseAdmin14" classname="TestCaseAdmin14" time="14.954"/>
  <testcase name="testCaseAdmin15" classname="TestCaseAdmin15" time="16.248">
    <failure message="junit.framework.AssertionFailedError: Ao tentar apagar uma sub-categoria esta não foi eliminada com sucesso" type="junit.framework.AssertionFailedError">junit.framework.AssertionFailedError: junit.framework.AssertionFailedError: Ao tentar apagar uma sub-categoria esta não foi eliminada com sucesso
	at TestCaseAdmin15.tearDown(TestCaseAdmin15.java:89)
</failure>
    <system-err><![CDATA[Starting ChromeDriver 2.36.540470 (e522d04694c7ebea4ba8821272dbef4f9b818c91) on port 41859
Only local connections are allowed.
]]></system-err>
  </testcase>
</testsuite>